<?xml version="1.0" encoding="UTF-8"?>
<!-- Generated by org.testng.reporters.JUnitXMLReporter -->
<testsuite hostname="venkay32" ignored="0" name=" Ecommerce Application Test" tests="25" failures="0" timestamp="07 Feb 2020 14:38:50 GMT" time="219.912" errors="0">
  <testcase name="testdragAndDrop" time="4.172" classname="com.STTA.testCases.TC_DragAndDropAnElement_001"/>
  <testcase name="LogIn_Test" time="2.349" classname="com.STTA.testCases.TC_DataproviderDDT_002"/>
  <testcase name="LogIn_Test" time="1.388" classname="com.STTA.testCases.TC_DataproviderDDT_002"/>
  <testcase name="LogIn_Test" time="1.293" classname="com.STTA.testCases.TC_DataproviderDDT_002"/>
  <testcase name="LogIn_Test" time="1.31" classname="com.STTA.testCases.TC_DataproviderDDT_002"/>
  <testcase name="testCal" time="2.58" classname="com.STTA.testCases.TC_IEBrowserSampleTest_003"/>
  <testcase name="testCheckbox" time="1.896" classname="com.STTA.testCases.TC_HandleCheckbox_004"/>
  <testcase name="testmethodone" time="0.932" classname="com.STTA.testCases.TC_HandleCheckbox_004"/>
  <testcase name="testBrowsercmds" time="14.29" classname="com.STTA.testCases.TC_NavigationCommands_005"/>
  <testcase name="testCaptureScreenshot" time="2.026" classname="com.STTA.testCases.TC_CaptureScreenShot_008"/>
  <testcase name="testGeneratingMouseHoverEventOnMainMenuToClickOnSubMenu" time="3.191" classname="com.STTA.testCases.TC_GeneratingMouseHoverEventOnMainMenuToClickOnSubMenu_009"/>
  <testcase name="testHandlingMultipleBrowserWindows" time="25.341" classname="com.STTA.testCases.TC_HandlingMultipleBrowserWindows_010"/>
  <testcase name="testHandlingJSAlerts" time="12.011" classname="com.STTA.testCases.TC_HandlingJSAlerts_012"/>
  <testcase name="testHighlightElement" time="12.722" classname="com.STTA.testCases.TC_HighlightElement_013"/>
  <testcase name="testReadingFontProperties" time="1.968" classname="com.STTA.testCases.TC_ReadingFontProperties_014"/>
  <testcase name="testDiffBetFindElementAndFindElements" time="2.254" classname="com.STTA.testCases.TC_DiffBetFindElementAndFindElements_015"/>
  <testcase name="testDiffBetClickAndSubmit" time="3.111" classname="com.STTA.testCases.TC_DiifBetweenSubmitAndClick_007"/>
  <testcase name="testObjectRepositoryUsingPropertiesFile" time="4.072" classname="com.STTA.testCases.TC_ObjectRepositoryUsingPropertiesFile_016"/>
  <testcase name="testGetOrExtractAllLinksFromWebPage" time="3.003" classname="com.STTA.testCases.TC_GetOrExtractAllLinksFromWebPage_017"/>
  <testcase name="testExtractingAllTextFieldsFromWebPage" time="6.465" classname="com.STTA.testCases.TC_ExtractingAllTextFieldsFromWebPage_018"/>
  <testcase name="testMethod" time="0.001" classname="com.STTA.testCases.TC_ExtractingAllTextFieldsFromWebPage_018"/>
  <testcase name="testExtractOrReadTableData" time="2.592" classname="com.STTA.testCases.TC_ExtractOrReadTableData_19"/>
  <testcase name="testmethodone" time="0.964" classname="com.STTA.testCases.TC_ExtractOrReadTableData_19"/>
  <testcase name="testHandleDynamicWebTable" time="3.003" classname="com.STTA.testCases.TC_HandleDynamicWebTable_020"/>
  <testcase name="testDDTorParameterization" time="16.185" classname="com.STTA.testCases.TC_ParameterizationOrDataDrivenTesting_022"/>
</testsuite> <!--  Ecommerce Application Test -->
