<?xml version="1.0" encoding="UTF-8"?>
<!-- Generated by org.testng.reporters.JUnitXMLReporter -->
<testsuite hostname="venkay32" ignored="0" name=" Ecommerce Application Test" tests="22" failures="0" timestamp="06 Feb 2020 13:04:00 GMT" time="321.834" errors="0">
  <testcase name="testdragAndDrop" time="10.535" classname="com.STTA.testCases.TC_DragAndDropAnElement_001"/>
  <testcase name="LogIn_Test" time="4.801" classname="com.STTA.testCases.TC_DataproviderDDT_002"/>
  <testcase name="LogIn_Test" time="3.555" classname="com.STTA.testCases.TC_DataproviderDDT_002"/>
  <testcase name="LogIn_Test" time="3.761" classname="com.STTA.testCases.TC_DataproviderDDT_002"/>
  <testcase name="LogIn_Test" time="3.794" classname="com.STTA.testCases.TC_DataproviderDDT_002"/>
  <testcase name="testCal" time="2.142" classname="com.STTA.testCases.TC_IEBrowserSampleTest_003"/>
  <testcase name="testCheckbox" time="2.977" classname="com.STTA.testCases.TC_HandleCheckbox_004"/>
  <testcase name="testBrowsercmds" time="12.675" classname="com.STTA.testCases.TC_NavigationCommands_005"/>
  <testcase name="testCaptureScreenshot" time="2.638" classname="com.STTA.testCases.TC_CaptureScreenShot_008"/>
  <testcase name="testGeneratingMouseHoverEventOnMainMenuToClickOnSubMenu" time="5.872" classname="com.STTA.testCases.TC_GeneratingMouseHoverEventOnMainMenuToClickOnSubMenu_009"/>
  <testcase name="testHandlingMultipleBrowserWindows" time="27.346" classname="com.STTA.testCases.TC_HandlingMultipleBrowserWindows_010"/>
  <testcase name="testHandlingJSAlerts" time="11.636" classname="com.STTA.testCases.TC_HandlingJSAlerts_012"/>
  <testcase name="testHighlightElement" time="13.429" classname="com.STTA.testCases.TC_HighlightElement_013"/>
  <testcase name="testReadingFontProperties" time="2.56" classname="com.STTA.testCases.TC_ReadingFontProperties_014"/>
  <testcase name="testDiffBetFindElementAndFindElements" time="2.386" classname="com.STTA.testCases.TC_DiffBetFindElementAndFindElements_015"/>
  <testcase name="testDiffBetClickAndSubmit" time="4.658" classname="com.STTA.testCases.TC_DiifBetweenSubmitAndClick_007"/>
  <testcase name="testObjectRepositoryUsingPropertiesFile" time="3.017" classname="com.STTA.testCases.TC_ObjectRepositoryUsingPropertiesFile_016"/>
  <testcase name="testGetOrExtractAllLinksFromWebPage" time="3.61" classname="com.STTA.testCases.TC_GetOrExtractAllLinksFromWebPage_017"/>
  <testcase name="testExtractingAllTextFieldsFromWebPage" time="7.46" classname="com.STTA.testCases.TC_ExtractingAllTextFieldsFromWebPage_018"/>
  <testcase name="testMethod" time="0.001" classname="com.STTA.testCases.TC_ExtractingAllTextFieldsFromWebPage_018"/>
  <testcase name="testExtractOrReadTableData" time="3.406" classname="com.STTA.testCases.TC_ExtractOrReadTableData_19"/>
  <testcase name="testHandleDynamicWebTable" time="3.14" classname="com.STTA.testCases.TC_HandleDynamicWebTable_020"/>
</testsuite> <!--  Ecommerce Application Test -->
