<?xml version="1.0" encoding="UTF-8"?>
<!-- Generated by org.testng.reporters.JUnitXMLReporter -->
<testsuite hostname="venkay32" ignored="0" name=" Ecommerce Application Test " tests="26" failures="0" timestamp="22 Feb 2020 19:43:27 GMT" time="417.977" errors="0">
  <testcase name="testdragAndDrop" time="7.65" classname="com.STTA.testCases.TC_DragAndDropAnElement_001"/>
  <testcase name="LogIn_Test" time="6.665" classname="com.STTA.testCases.TC_DataproviderDDT_002"/>
  <testcase name="LogIn_Test" time="2.92" classname="com.STTA.testCases.TC_DataproviderDDT_002"/>
  <testcase name="LogIn_Test" time="1.604" classname="com.STTA.testCases.TC_DataproviderDDT_002"/>
  <testcase name="LogIn_Test" time="1.61" classname="com.STTA.testCases.TC_DataproviderDDT_002"/>
  <testcase name="testCal" time="3.408" classname="com.STTA.testCases.TC_IEBrowserSampleTest_003"/>
  <testcase name="testCheckbox" time="6.62" classname="com.STTA.testCases.TC_HandleCheckbox_004"/>
  <testcase name="testmethodone" time="1.2" classname="com.STTA.testCases.TC_HandleCheckbox_004"/>
  <testcase name="testBrowsercmds" time="23.534" classname="com.STTA.testCases.TC_NavigationCommands_005"/>
  <testcase name="testCaptureScreenshot" time="3.506" classname="com.STTA.testCases.TC_CaptureScreenShot_008"/>
  <testcase name="testGeneratingMouseHoverEventOnMainMenuToClickOnSubMenu" time="6.452" classname="com.STTA.testCases.TC_GeneratingMouseHoverEventOnMainMenuToClickOnSubMenu_009"/>
  <testcase name="testHandlingMultipleBrowserWindows" time="34.69" classname="com.STTA.testCases.TC_HandlingMultipleBrowserWindows_010"/>
  <testcase name="testHandlingJSAlerts" time="15.952" classname="com.STTA.testCases.TC_HandlingJSAlerts_012"/>
  <testcase name="testHighlightElement" time="17.065" classname="com.STTA.testCases.TC_HighlightElement_013"/>
  <testcase name="testReadingFontProperties" time="3.491" classname="com.STTA.testCases.TC_ReadingFontProperties_014"/>
  <testcase name="testDiffBetFindElementAndFindElements" time="6.673" classname="com.STTA.testCases.TC_DiffBetFindElementAndFindElements_015"/>
  <testcase name="testDiffBetClickAndSubmit" time="5.152" classname="com.STTA.testCases.TC_DiifBetweenSubmitAndClick_007"/>
  <testcase name="testObjectRepositoryUsingPropertiesFile" time="7.824" classname="com.STTA.testCases.TC_ObjectRepositoryUsingPropertiesFile_016"/>
  <testcase name="testGetOrExtractAllLinksFromWebPage" time="3.379" classname="com.STTA.testCases.TC_GetOrExtractAllLinksFromWebPage_017"/>
  <testcase name="testExtractingAllTextFieldsFromWebPage" time="8.255" classname="com.STTA.testCases.TC_ExtractingAllTextFieldsFromWebPage_018"/>
  <testcase name="testMethod" time="0.001" classname="com.STTA.testCases.TC_ExtractingAllTextFieldsFromWebPage_018"/>
  <testcase name="testExtractOrReadTableData" time="4.422" classname="com.STTA.testCases.TC_ExtractOrReadTableData_19"/>
  <testcase name="testmethodone" time="1.378" classname="com.STTA.testCases.TC_ExtractOrReadTableData_19"/>
  <testcase name="testHandleDynamicWebTable" time="6.273" classname="com.STTA.testCases.TC_HandleDynamicWebTable_020"/>
  <testcase name="testDDTorParameterization" time="19.287" classname="com.STTA.testCases.TC_ParameterizationOrDataDrivenTesting_022"/>
  <testcase name="testDragAndDropElementByPixelXY" time="24.09" classname="com.STTA.testCases.TC_DragAndDropElementByPixelXY_026"/>
</testsuite> <!--  Ecommerce Application Test  -->
