<?xml version="1.0" encoding="UTF-8"?>
<!-- Generated by org.testng.reporters.JUnitXMLReporter -->
<testsuite hostname="venkay32" ignored="0" name=" Ecommerce Application Test" tests="12" failures="0" timestamp="22 Jan 2020 18:14:59 GMT" time="182.379" errors="0">
  <testcase name="dragAndDrop" time="3.482" classname="com.STTA.testCases.TC_DragAndDropAnElement_001"/>
  <testcase name="LogIn_Test" time="5.899" classname="com.STTA.testCases.TC_DataproviderDDT_002"/>
  <testcase name="LogIn_Test" time="5.487" classname="com.STTA.testCases.TC_DataproviderDDT_002"/>
  <testcase name="LogIn_Test" time="4.911" classname="com.STTA.testCases.TC_DataproviderDDT_002"/>
  <testcase name="LogIn_Test" time="5.128" classname="com.STTA.testCases.TC_DataproviderDDT_002"/>
  <testcase name="testCal" time="2.508" classname="com.STTA.testCases.TC_IEBrowserSampleTest_003"/>
  <testcase name="testCheckbox" time="2.943" classname="com.STTA.testCases.TC_HandleCheckbox_004"/>
  <testcase name="testBrowsercmds" time="10.346" classname="com.STTA.testCases.TC_NavigationCommands_005"/>
  <testcase name="testDiffBetClickAndSubmit" time="5.726" classname="com.STTA.testCases.TC_DiifBetweenSubmitAndClick_007"/>
  <testcase name="testCaptureScreenshot" time="3.844" classname="com.STTA.testCases.TC_CaptureScreenShot_008"/>
  <testcase name="testGeneratingMouseHoverEventOnMainMenuToClickOnSubMenu" time="5.23" classname="com.STTA.testCases.TC_GeneratingMouseHoverEventOnMainMenuToClickOnSubMenu_009"/>
  <testcase name="testHandlingMultipleBrowserWindows" time="28.647" classname="com.STTA.testCases.TC_HandlingMultipleBrowserWindows_010"/>
</testsuite> <!--  Ecommerce Application Test -->
