<?xml version="1.0" encoding="UTF-8"?>
<!-- Generated by org.testng.reporters.JUnitXMLReporter -->
<testsuite hostname="venkay32" ignored="0" name=" Ecommerce Application Test" tests="13" failures="0" timestamp="27 Jan 2020 07:51:18 GMT" time="159.298" errors="0">
  <testcase name="dragAndDrop" time="2.719" classname="com.STTA.testCases.TC_DragAndDropAnElement_001"/>
  <testcase name="LogIn_Test" time="4.293" classname="com.STTA.testCases.TC_DataproviderDDT_002"/>
  <testcase name="LogIn_Test" time="2.996" classname="com.STTA.testCases.TC_DataproviderDDT_002"/>
  <testcase name="LogIn_Test" time="2.901" classname="com.STTA.testCases.TC_DataproviderDDT_002"/>
  <testcase name="LogIn_Test" time="2.797" classname="com.STTA.testCases.TC_DataproviderDDT_002"/>
  <testcase name="testCal" time="1.922" classname="com.STTA.testCases.TC_IEBrowserSampleTest_003"/>
  <testcase name="testCheckbox" time="2.304" classname="com.STTA.testCases.TC_HandleCheckbox_004"/>
  <testcase name="testBrowsercmds" time="6.829" classname="com.STTA.testCases.TC_NavigationCommands_005"/>
  <testcase name="testDiffBetClickAndSubmit" time="3.76" classname="com.STTA.testCases.TC_DiifBetweenSubmitAndClick_007"/>
  <testcase name="testCaptureScreenshot" time="2.421" classname="com.STTA.testCases.TC_CaptureScreenShot_008"/>
  <testcase name="testGeneratingMouseHoverEventOnMainMenuToClickOnSubMenu" time="4.283" classname="com.STTA.testCases.TC_GeneratingMouseHoverEventOnMainMenuToClickOnSubMenu_009"/>
  <testcase name="testHandlingMultipleBrowserWindows" time="27.325" classname="com.STTA.testCases.TC_HandlingMultipleBrowserWindows_010"/>
  <testcase name="testAdd" time="0.003" classname="math.operation.ArithmeticOperationsTest"/>
</testsuite> <!--  Ecommerce Application Test -->
