<?xml version="1.0" encoding="UTF-8"?>
<!-- Generated by org.testng.reporters.JUnitXMLReporter -->
<testsuite hostname="venkay32" ignored="0" name=" Ecommerce Application Test" tests="12" failures="1" timestamp="25 Jan 2020 13:45:39 GMT" time="226.987" errors="0">
  <testcase name="dragAndDrop" time="4.451" classname="com.STTA.testCases.TC_DragAndDropAnElement_001">
    <failure type="java.lang.AssertionError" message="expected [true] but found [false]">
      <![CDATA[java.lang.AssertionError: expected [true] but found [false]
at com.STTA.testCases.TC_DragAndDropAnElement_001.dragAndDrop(TC_DragAndDropAnElement_001.java:111)
... Removed 29 stack frames]]>
    </failure>
  </testcase> <!-- dragAndDrop -->
  <testcase name="LogIn_Test" time="7.394" classname="com.STTA.testCases.TC_DataproviderDDT_002"/>
  <testcase name="LogIn_Test" time="5.558" classname="com.STTA.testCases.TC_DataproviderDDT_002"/>
  <testcase name="LogIn_Test" time="6.074" classname="com.STTA.testCases.TC_DataproviderDDT_002"/>
  <testcase name="LogIn_Test" time="7.129" classname="com.STTA.testCases.TC_DataproviderDDT_002"/>
  <testcase name="testCal" time="4.42" classname="com.STTA.testCases.TC_IEBrowserSampleTest_003"/>
  <testcase name="testCheckbox" time="5.042" classname="com.STTA.testCases.TC_HandleCheckbox_004"/>
  <testcase name="testBrowsercmds" time="35.656" classname="com.STTA.testCases.TC_NavigationCommands_005"/>
  <testcase name="testDiffBetClickAndSubmit" time="10.726" classname="com.STTA.testCases.TC_DiifBetweenSubmitAndClick_007"/>
  <testcase name="testCaptureScreenshot" time="6.09" classname="com.STTA.testCases.TC_CaptureScreenShot_008"/>
  <testcase name="testGeneratingMouseHoverEventOnMainMenuToClickOnSubMenu" time="8.447" classname="com.STTA.testCases.TC_GeneratingMouseHoverEventOnMainMenuToClickOnSubMenu_009"/>
  <testcase name="testHandlingMultipleBrowserWindows" time="28.66" classname="com.STTA.testCases.TC_HandlingMultipleBrowserWindows_010"/>
</testsuite> <!--  Ecommerce Application Test -->
