<?xml version="1.0" encoding="UTF-8"?>
<!-- Generated by org.testng.reporters.JUnitXMLReporter -->
<testsuite hostname="venkay32" ignored="0" name="Ecommerce Application Test1" tests="8" failures="0" timestamp="22 Feb 2020 19:53:27 GMT" time="126.516" errors="0">
  <testcase name="testObjectRepositoryUsingPropertiesFile" time="3.802" classname="com.STTA.testCases.TC_ObjectRepositoryUsingPropertiesFile_016"/>
  <testcase name="testGetOrExtractAllLinksFromWebPage" time="6.324" classname="com.STTA.testCases.TC_GetOrExtractAllLinksFromWebPage_017"/>
  <testcase name="testExtractingAllTextFieldsFromWebPage" time="8.427" classname="com.STTA.testCases.TC_ExtractingAllTextFieldsFromWebPage_018"/>
  <testcase name="testMethod" time="0.001" classname="com.STTA.testCases.TC_ExtractingAllTextFieldsFromWebPage_018"/>
  <testcase name="testExtractOrReadTableData" time="6.241" classname="com.STTA.testCases.TC_ExtractOrReadTableData_19"/>
  <testcase name="testmethodone" time="2.225" classname="com.STTA.testCases.TC_ExtractOrReadTableData_19"/>
  <testcase name="testHandleDynamicWebTable" time="5.108" classname="com.STTA.testCases.TC_HandleDynamicWebTable_020"/>
  <testcase name="testDDTorParameterization" time="22.024" classname="com.STTA.testCases.TC_ParameterizationOrDataDrivenTesting_022"/>
</testsuite> <!-- Ecommerce Application Test1 -->
