<?xml version="1.0" encoding="UTF-8"?>
<testng-results skipped="0" failed="0" ignored="0" total="26" passed="26">
  <reporter-output>
  </reporter-output>
  <suite name="SoftwareTestingTutorialsandAutomation" duration-ms="308771" started-at="2020-03-02T14:29:17Z" finished-at="2020-03-02T14:34:25Z">
    <groups>
    </groups>
    <test name=" Ecommerce Application Test " duration-ms="308771" started-at="2020-03-02T14:29:17Z" finished-at="2020-03-02T14:34:25Z">
      <class name="com.STTA.testCases.TC_DataproviderDDT_002">
        <test-method status="PASS" signature="setUp(java.lang.String)[pri:0, instance:com.STTA.testCases.TC_DataproviderDDT_002@72d818d1]" name="setUp" is-config="true" duration-ms="4519" started-at="2020-03-02T14:29:34Z" finished-at="2020-03-02T14:29:39Z">
          <params>
            <param index="0">
              <value>
                <![CDATA[firefox]]>
              </value>
            </param>
          </params>
          <reporter-output>
          </reporter-output>
        </test-method> <!-- setUp -->
        <test-method status="PASS" signature="LogIn_Test(java.lang.String, java.lang.String)[pri:0, instance:com.STTA.testCases.TC_DataproviderDDT_002@72d818d1]" name="LogIn_Test" duration-ms="4445" started-at="2020-03-02T14:29:39Z" data-provider="LoginCredentials" finished-at="2020-03-02T14:29:43Z">
          <params>
            <param index="0">
              <value>
                <![CDATA[UserId1]]>
              </value>
            </param>
            <param index="1">
              <value>
                <![CDATA[Pass1]]>
              </value>
            </param>
          </params>
          <reporter-output>
          </reporter-output>
        </test-method> <!-- LogIn_Test -->
        <test-method status="PASS" signature="LogIn_Test(java.lang.String, java.lang.String)[pri:0, instance:com.STTA.testCases.TC_DataproviderDDT_002@72d818d1]" name="LogIn_Test" duration-ms="1984" started-at="2020-03-02T14:29:43Z" data-provider="LoginCredentials" finished-at="2020-03-02T14:29:45Z">
          <params>
            <param index="0">
              <value>
                <![CDATA[UserId2]]>
              </value>
            </param>
            <param index="1">
              <value>
                <![CDATA[Pass2]]>
              </value>
            </param>
          </params>
          <reporter-output>
          </reporter-output>
        </test-method> <!-- LogIn_Test -->
        <test-method status="PASS" signature="LogIn_Test(java.lang.String, java.lang.String)[pri:0, instance:com.STTA.testCases.TC_DataproviderDDT_002@72d818d1]" name="LogIn_Test" duration-ms="1763" started-at="2020-03-02T14:29:45Z" data-provider="LoginCredentials" finished-at="2020-03-02T14:29:47Z">
          <params>
            <param index="0">
              <value>
                <![CDATA[UserId3]]>
              </value>
            </param>
            <param index="1">
              <value>
                <![CDATA[Pass3]]>
              </value>
            </param>
          </params>
          <reporter-output>
          </reporter-output>
        </test-method> <!-- LogIn_Test -->
        <test-method status="PASS" signature="LogIn_Test(java.lang.String, java.lang.String)[pri:0, instance:com.STTA.testCases.TC_DataproviderDDT_002@72d818d1]" name="LogIn_Test" duration-ms="1437" started-at="2020-03-02T14:29:47Z" data-provider="LoginCredentials" finished-at="2020-03-02T14:29:48Z">
          <params>
            <param index="0">
              <value>
                <![CDATA[UserId4]]>
              </value>
            </param>
            <param index="1">
              <value>
                <![CDATA[Pass4]]>
              </value>
            </param>
          </params>
          <reporter-output>
          </reporter-output>
        </test-method> <!-- LogIn_Test -->
        <test-method status="PASS" signature="tearDown()[pri:0, instance:com.STTA.testCases.TC_DataproviderDDT_002@72d818d1]" name="tearDown" is-config="true" duration-ms="994" started-at="2020-03-02T14:29:48Z" finished-at="2020-03-02T14:29:49Z">
          <reporter-output>
          </reporter-output>
        </test-method> <!-- tearDown -->
      </class> <!-- com.STTA.testCases.TC_DataproviderDDT_002 -->
      <class name="com.STTA.testCases.TC_GetOrExtractAllLinksFromWebPage_017">
        <test-method status="PASS" signature="setUp(java.lang.String)[pri:0, instance:com.STTA.testCases.TC_GetOrExtractAllLinksFromWebPage_017@69ea3742]" name="setUp" is-config="true" duration-ms="4952" started-at="2020-03-02T14:32:52Z" finished-at="2020-03-02T14:32:57Z">
          <params>
            <param index="0">
              <value>
                <![CDATA[firefox]]>
              </value>
            </param>
          </params>
          <reporter-output>
          </reporter-output>
        </test-method> <!-- setUp -->
        <test-method status="PASS" signature="testGetOrExtractAllLinksFromWebPage()[pri:0, instance:com.STTA.testCases.TC_GetOrExtractAllLinksFromWebPage_017@69ea3742]" name="testGetOrExtractAllLinksFromWebPage" duration-ms="4659" started-at="2020-03-02T14:32:57Z" finished-at="2020-03-02T14:33:02Z">
          <reporter-output>
          </reporter-output>
        </test-method> <!-- testGetOrExtractAllLinksFromWebPage -->
        <test-method status="PASS" signature="tearDown()[pri:0, instance:com.STTA.testCases.TC_GetOrExtractAllLinksFromWebPage_017@69ea3742]" name="tearDown" is-config="true" duration-ms="980" started-at="2020-03-02T14:33:02Z" finished-at="2020-03-02T14:33:03Z">
          <reporter-output>
          </reporter-output>
        </test-method> <!-- tearDown -->
      </class> <!-- com.STTA.testCases.TC_GetOrExtractAllLinksFromWebPage_017 -->
      <class name="com.STTA.testCases.TC_ObjectRepositoryUsingPropertiesFile_016">
        <test-method status="PASS" signature="setUp(java.lang.String)[pri:0, instance:com.STTA.testCases.TC_ObjectRepositoryUsingPropertiesFile_016@5702b3b1]" name="setUp" is-config="true" duration-ms="4679" started-at="2020-03-02T14:32:40Z" finished-at="2020-03-02T14:32:45Z">
          <params>
            <param index="0">
              <value>
                <![CDATA[firefox]]>
              </value>
            </param>
          </params>
          <reporter-output>
          </reporter-output>
        </test-method> <!-- setUp -->
        <test-method status="PASS" signature="testObjectRepositoryUsingPropertiesFile()[pri:0, instance:com.STTA.testCases.TC_ObjectRepositoryUsingPropertiesFile_016@5702b3b1]" name="testObjectRepositoryUsingPropertiesFile" duration-ms="6686" started-at="2020-03-02T14:32:45Z" finished-at="2020-03-02T14:32:51Z">
          <reporter-output>
          </reporter-output>
        </test-method> <!-- testObjectRepositoryUsingPropertiesFile -->
        <test-method status="PASS" signature="tearDown()[pri:0, instance:com.STTA.testCases.TC_ObjectRepositoryUsingPropertiesFile_016@5702b3b1]" name="tearDown" is-config="true" duration-ms="1132" started-at="2020-03-02T14:32:51Z" finished-at="2020-03-02T14:32:52Z">
          <reporter-output>
          </reporter-output>
        </test-method> <!-- tearDown -->
      </class> <!-- com.STTA.testCases.TC_ObjectRepositoryUsingPropertiesFile_016 -->
      <class name="com.STTA.testCases.TC_ExtractOrReadTableData_19">
        <test-method status="PASS" signature="setUp(java.lang.String)[pri:0, instance:com.STTA.testCases.TC_ExtractOrReadTableData_19@3159c4b8]" name="setUp" is-config="true" duration-ms="3770" started-at="2020-03-02T14:33:16Z" finished-at="2020-03-02T14:33:20Z">
          <params>
            <param index="0">
              <value>
                <![CDATA[firefox]]>
              </value>
            </param>
          </params>
          <reporter-output>
          </reporter-output>
        </test-method> <!-- setUp -->
        <test-method status="PASS" signature="testExtractOrReadTableData()[pri:0, instance:com.STTA.testCases.TC_ExtractOrReadTableData_19@3159c4b8]" name="testExtractOrReadTableData" duration-ms="4894" started-at="2020-03-02T14:33:20Z" finished-at="2020-03-02T14:33:25Z">
          <reporter-output>
          </reporter-output>
        </test-method> <!-- testExtractOrReadTableData -->
        <test-method status="PASS" signature="testmethodone()[pri:0, instance:com.STTA.testCases.TC_ExtractOrReadTableData_19@3159c4b8]" name="testmethodone" duration-ms="1343" started-at="2020-03-02T14:33:25Z" finished-at="2020-03-02T14:33:26Z">
          <reporter-output>
          </reporter-output>
        </test-method> <!-- testmethodone -->
        <test-method status="PASS" signature="tearDown()[pri:0, instance:com.STTA.testCases.TC_ExtractOrReadTableData_19@3159c4b8]" name="tearDown" is-config="true" duration-ms="1091" started-at="2020-03-02T14:33:26Z" finished-at="2020-03-02T14:33:27Z">
          <reporter-output>
          </reporter-output>
        </test-method> <!-- tearDown -->
      </class> <!-- com.STTA.testCases.TC_ExtractOrReadTableData_19 -->
      <class name="com.STTA.testCases.TC_HandlingMultipleBrowserWindows_010">
        <test-method status="PASS" signature="setUp(java.lang.String)[pri:0, instance:com.STTA.testCases.TC_HandlingMultipleBrowserWindows_010@13805618]" name="setUp" is-config="true" duration-ms="3696" started-at="2020-03-02T14:31:01Z" finished-at="2020-03-02T14:31:05Z">
          <params>
            <param index="0">
              <value>
                <![CDATA[firefox]]>
              </value>
            </param>
          </params>
          <reporter-output>
          </reporter-output>
        </test-method> <!-- setUp -->
        <test-method status="PASS" signature="testHandlingMultipleBrowserWindows()[pri:0, instance:com.STTA.testCases.TC_HandlingMultipleBrowserWindows_010@13805618]" name="testHandlingMultipleBrowserWindows" duration-ms="28702" started-at="2020-03-02T14:31:05Z" finished-at="2020-03-02T14:31:33Z">
          <reporter-output>
          </reporter-output>
        </test-method> <!-- testHandlingMultipleBrowserWindows -->
        <test-method status="PASS" signature="tearDown()[pri:0, instance:com.STTA.testCases.TC_HandlingMultipleBrowserWindows_010@13805618]" name="tearDown" is-config="true" duration-ms="954" started-at="2020-03-02T14:31:33Z" finished-at="2020-03-02T14:31:34Z">
          <reporter-output>
          </reporter-output>
        </test-method> <!-- tearDown -->
      </class> <!-- com.STTA.testCases.TC_HandlingMultipleBrowserWindows_010 -->
      <class name="com.STTA.testCases.TC_CaptureScreenShot_008">
        <test-method status="PASS" signature="setUp(java.lang.String)[pri:0, instance:com.STTA.testCases.TC_CaptureScreenShot_008@5cb9f472]" name="setUp" is-config="true" duration-ms="3779" started-at="2020-03-02T14:30:38Z" finished-at="2020-03-02T14:30:42Z">
          <params>
            <param index="0">
              <value>
                <![CDATA[firefox]]>
              </value>
            </param>
          </params>
          <reporter-output>
          </reporter-output>
        </test-method> <!-- setUp -->
        <test-method status="PASS" signature="testCaptureScreenshot()[pri:0, instance:com.STTA.testCases.TC_CaptureScreenShot_008@5cb9f472]" name="testCaptureScreenshot" duration-ms="5084" started-at="2020-03-02T14:30:42Z" finished-at="2020-03-02T14:30:47Z">
          <reporter-output>
          </reporter-output>
        </test-method> <!-- testCaptureScreenshot -->
        <test-method status="PASS" signature="tearDown()[pri:0, instance:com.STTA.testCases.TC_CaptureScreenShot_008@5cb9f472]" name="tearDown" is-config="true" duration-ms="952" started-at="2020-03-02T14:30:47Z" finished-at="2020-03-02T14:30:48Z">
          <reporter-output>
          </reporter-output>
        </test-method> <!-- tearDown -->
      </class> <!-- com.STTA.testCases.TC_CaptureScreenShot_008 -->
      <class name="com.STTA.testCases.TC_GeneratingMouseHoverEventOnMainMenuToClickOnSubMenu_009">
        <test-method status="PASS" signature="setUp(java.lang.String)[pri:0, instance:com.STTA.testCases.TC_GeneratingMouseHoverEventOnMainMenuToClickOnSubMenu_009@cb644e]" name="setUp" is-config="true" duration-ms="4187" started-at="2020-03-02T14:30:48Z" finished-at="2020-03-02T14:30:52Z">
          <params>
            <param index="0">
              <value>
                <![CDATA[firefox]]>
              </value>
            </param>
          </params>
          <reporter-output>
          </reporter-output>
        </test-method> <!-- setUp -->
        <test-method status="PASS" signature="testGeneratingMouseHoverEventOnMainMenuToClickOnSubMenu()[pri:0, instance:com.STTA.testCases.TC_GeneratingMouseHoverEventOnMainMenuToClickOnSubMenu_009@cb644e]" name="testGeneratingMouseHoverEventOnMainMenuToClickOnSubMenu" duration-ms="7501" started-at="2020-03-02T14:30:52Z" finished-at="2020-03-02T14:31:00Z">
          <reporter-output>
          </reporter-output>
        </test-method> <!-- testGeneratingMouseHoverEventOnMainMenuToClickOnSubMenu -->
        <test-method status="PASS" signature="tearDown()[pri:0, instance:com.STTA.testCases.TC_GeneratingMouseHoverEventOnMainMenuToClickOnSubMenu_009@cb644e]" name="tearDown" is-config="true" duration-ms="974" started-at="2020-03-02T14:31:00Z" finished-at="2020-03-02T14:31:01Z">
          <reporter-output>
          </reporter-output>
        </test-method> <!-- tearDown -->
      </class> <!-- com.STTA.testCases.TC_GeneratingMouseHoverEventOnMainMenuToClickOnSubMenu_009 -->
      <class name="com.STTA.testCases.TC_IEBrowserSampleTest_003">
        <test-method status="PASS" signature="setUp(java.lang.String)[pri:0, instance:com.STTA.testCases.TC_IEBrowserSampleTest_003@6e06451e]" name="setUp" is-config="true" duration-ms="4175" started-at="2020-03-02T14:29:49Z" finished-at="2020-03-02T14:29:53Z">
          <params>
            <param index="0">
              <value>
                <![CDATA[firefox]]>
              </value>
            </param>
          </params>
          <reporter-output>
          </reporter-output>
        </test-method> <!-- setUp -->
        <test-method status="PASS" signature="testCal()[pri:0, instance:com.STTA.testCases.TC_IEBrowserSampleTest_003@6e06451e]" name="testCal" duration-ms="4523" started-at="2020-03-02T14:29:53Z" finished-at="2020-03-02T14:29:58Z">
          <reporter-output>
          </reporter-output>
        </test-method> <!-- testCal -->
        <test-method status="PASS" signature="tearDown()[pri:0, instance:com.STTA.testCases.TC_IEBrowserSampleTest_003@6e06451e]" name="tearDown" is-config="true" duration-ms="1044" started-at="2020-03-02T14:29:58Z" finished-at="2020-03-02T14:29:59Z">
          <reporter-output>
          </reporter-output>
        </test-method> <!-- tearDown -->
      </class> <!-- com.STTA.testCases.TC_IEBrowserSampleTest_003 -->
      <class name="com.STTA.testCases.TC_HandleCheckbox_004">
        <test-method status="PASS" signature="setUp(java.lang.String)[pri:0, instance:com.STTA.testCases.TC_HandleCheckbox_004@59494225]" name="setUp" is-config="true" duration-ms="4345" started-at="2020-03-02T14:29:59Z" finished-at="2020-03-02T14:30:03Z">
          <params>
            <param index="0">
              <value>
                <![CDATA[firefox]]>
              </value>
            </param>
          </params>
          <reporter-output>
          </reporter-output>
        </test-method> <!-- setUp -->
        <test-method status="PASS" signature="testCheckbox()[pri:0, instance:com.STTA.testCases.TC_HandleCheckbox_004@59494225]" name="testCheckbox" duration-ms="5132" started-at="2020-03-02T14:30:03Z" finished-at="2020-03-02T14:30:08Z">
          <reporter-output>
          </reporter-output>
        </test-method> <!-- testCheckbox -->
        <test-method status="PASS" signature="testmethodone()[pri:0, instance:com.STTA.testCases.TC_HandleCheckbox_004@59494225]" name="testmethodone" duration-ms="1538" started-at="2020-03-02T14:30:08Z" finished-at="2020-03-02T14:30:10Z">
          <reporter-output>
          </reporter-output>
        </test-method> <!-- testmethodone -->
        <test-method status="PASS" signature="tearDown()[pri:0, instance:com.STTA.testCases.TC_HandleCheckbox_004@59494225]" name="tearDown" is-config="true" duration-ms="1152" started-at="2020-03-02T14:30:10Z" finished-at="2020-03-02T14:30:11Z">
          <reporter-output>
          </reporter-output>
        </test-method> <!-- tearDown -->
      </class> <!-- com.STTA.testCases.TC_HandleCheckbox_004 -->
      <class name="com.STTA.testCases.TC_HandlingJSAlerts_012">
        <test-method status="PASS" signature="setUp(java.lang.String)[pri:0, instance:com.STTA.testCases.TC_HandlingJSAlerts_012@56ef9176]" name="setUp" is-config="true" duration-ms="3668" started-at="2020-03-02T14:31:34Z" finished-at="2020-03-02T14:31:38Z">
          <params>
            <param index="0">
              <value>
                <![CDATA[firefox]]>
              </value>
            </param>
          </params>
          <reporter-output>
          </reporter-output>
        </test-method> <!-- setUp -->
        <test-method status="PASS" signature="testHandlingJSAlerts()[pri:0, instance:com.STTA.testCases.TC_HandlingJSAlerts_012@56ef9176]" name="testHandlingJSAlerts" duration-ms="13814" started-at="2020-03-02T14:31:38Z" finished-at="2020-03-02T14:31:52Z">
          <reporter-output>
          </reporter-output>
        </test-method> <!-- testHandlingJSAlerts -->
        <test-method status="PASS" signature="tearDown()[pri:0, instance:com.STTA.testCases.TC_HandlingJSAlerts_012@56ef9176]" name="tearDown" is-config="true" duration-ms="1140" started-at="2020-03-02T14:31:52Z" finished-at="2020-03-02T14:31:53Z">
          <reporter-output>
          </reporter-output>
        </test-method> <!-- tearDown -->
      </class> <!-- com.STTA.testCases.TC_HandlingJSAlerts_012 -->
      <class name="com.STTA.testCases.TC_ReadingFontProperties_014">
        <test-method status="PASS" signature="setUp(java.lang.String)[pri:0, instance:com.STTA.testCases.TC_ReadingFontProperties_014@1ed4004b]" name="setUp" is-config="true" duration-ms="3701" started-at="2020-03-02T14:32:13Z" finished-at="2020-03-02T14:32:17Z">
          <params>
            <param index="0">
              <value>
                <![CDATA[firefox]]>
              </value>
            </param>
          </params>
          <reporter-output>
          </reporter-output>
        </test-method> <!-- setUp -->
        <test-method status="PASS" signature="testReadingFontProperties()[pri:0, instance:com.STTA.testCases.TC_ReadingFontProperties_014@1ed4004b]" name="testReadingFontProperties" duration-ms="3923" started-at="2020-03-02T14:32:17Z" finished-at="2020-03-02T14:32:21Z">
          <reporter-output>
          </reporter-output>
        </test-method> <!-- testReadingFontProperties -->
        <test-method status="PASS" signature="tearDown()[pri:0, instance:com.STTA.testCases.TC_ReadingFontProperties_014@1ed4004b]" name="tearDown" is-config="true" duration-ms="944" started-at="2020-03-02T14:32:21Z" finished-at="2020-03-02T14:32:21Z">
          <reporter-output>
          </reporter-output>
        </test-method> <!-- tearDown -->
      </class> <!-- com.STTA.testCases.TC_ReadingFontProperties_014 -->
      <class name="com.STTA.testCases.TC_NavigationCommands_005">
        <test-method status="PASS" signature="setUp(java.lang.String)[pri:0, instance:com.STTA.testCases.TC_NavigationCommands_005@6e1567f1]" name="setUp" is-config="true" duration-ms="4331" started-at="2020-03-02T14:30:11Z" finished-at="2020-03-02T14:30:15Z">
          <params>
            <param index="0">
              <value>
                <![CDATA[firefox]]>
              </value>
            </param>
          </params>
          <reporter-output>
          </reporter-output>
        </test-method> <!-- setUp -->
        <test-method status="PASS" signature="testBrowsercmds()[pri:0, instance:com.STTA.testCases.TC_NavigationCommands_005@6e1567f1]" name="testBrowsercmds" duration-ms="22008" started-at="2020-03-02T14:30:15Z" finished-at="2020-03-02T14:30:37Z">
          <reporter-output>
          </reporter-output>
        </test-method> <!-- testBrowsercmds -->
        <test-method status="PASS" signature="tearDown()[pri:0, instance:com.STTA.testCases.TC_NavigationCommands_005@6e1567f1]" name="tearDown" is-config="true" duration-ms="1047" started-at="2020-03-02T14:30:37Z" finished-at="2020-03-02T14:30:38Z">
          <reporter-output>
          </reporter-output>
        </test-method> <!-- tearDown -->
      </class> <!-- com.STTA.testCases.TC_NavigationCommands_005 -->
      <class name="com.STTA.testCases.TC_DragAndDropAnElement_001">
        <test-method status="PASS" signature="setUp(java.lang.String)[pri:0, instance:com.STTA.testCases.TC_DragAndDropAnElement_001@27c20538]" name="setUp" is-config="true" duration-ms="8705" started-at="2020-03-02T14:29:17Z" finished-at="2020-03-02T14:29:26Z">
          <params>
            <param index="0">
              <value>
                <![CDATA[firefox]]>
              </value>
            </param>
          </params>
          <reporter-output>
          </reporter-output>
        </test-method> <!-- setUp -->
        <test-method status="PASS" signature="testdragAndDrop()[pri:0, instance:com.STTA.testCases.TC_DragAndDropAnElement_001@27c20538]" name="testdragAndDrop" duration-ms="6586" started-at="2020-03-02T14:29:26Z" finished-at="2020-03-02T14:29:32Z">
          <reporter-output>
          </reporter-output>
        </test-method> <!-- testdragAndDrop -->
        <test-method status="PASS" signature="tearDown()[pri:0, instance:com.STTA.testCases.TC_DragAndDropAnElement_001@27c20538]" name="tearDown" is-config="true" duration-ms="1557" started-at="2020-03-02T14:29:32Z" finished-at="2020-03-02T14:29:34Z">
          <reporter-output>
          </reporter-output>
        </test-method> <!-- tearDown -->
      </class> <!-- com.STTA.testCases.TC_DragAndDropAnElement_001 -->
      <class name="com.STTA.testCases.TC_ExtractingAllTextFieldsFromWebPage_018">
        <test-method status="PASS" signature="setUp(java.lang.String)[pri:0, instance:com.STTA.testCases.TC_ExtractingAllTextFieldsFromWebPage_018@4b952a2d]" name="setUp" is-config="true" duration-ms="3736" started-at="2020-03-02T14:33:03Z" finished-at="2020-03-02T14:33:07Z">
          <params>
            <param index="0">
              <value>
                <![CDATA[firefox]]>
              </value>
            </param>
          </params>
          <reporter-output>
          </reporter-output>
        </test-method> <!-- setUp -->
        <test-method status="PASS" signature="testExtractingAllTextFieldsFromWebPage()[pri:0, instance:com.STTA.testCases.TC_ExtractingAllTextFieldsFromWebPage_018@4b952a2d]" name="testExtractingAllTextFieldsFromWebPage" duration-ms="8135" started-at="2020-03-02T14:33:07Z" finished-at="2020-03-02T14:33:15Z">
          <reporter-output>
          </reporter-output>
        </test-method> <!-- testExtractingAllTextFieldsFromWebPage -->
        <test-method status="PASS" signature="testMethod()[pri:0, instance:com.STTA.testCases.TC_ExtractingAllTextFieldsFromWebPage_018@4b952a2d]" name="testMethod" duration-ms="1" started-at="2020-03-02T14:33:15Z" finished-at="2020-03-02T14:33:15Z">
          <reporter-output>
          </reporter-output>
        </test-method> <!-- testMethod -->
        <test-method status="PASS" signature="tearDown()[pri:0, instance:com.STTA.testCases.TC_ExtractingAllTextFieldsFromWebPage_018@4b952a2d]" name="tearDown" is-config="true" duration-ms="1185" started-at="2020-03-02T14:33:15Z" finished-at="2020-03-02T14:33:16Z">
          <reporter-output>
          </reporter-output>
        </test-method> <!-- tearDown -->
      </class> <!-- com.STTA.testCases.TC_ExtractingAllTextFieldsFromWebPage_018 -->
      <class name="com.STTA.testCases.TC_DragAndDropElementByPixelXY_026">
        <test-method status="PASS" signature="setUp(java.lang.String)[pri:0, instance:com.STTA.testCases.TC_DragAndDropElementByPixelXY_026@29ca901e]" name="setUp" is-config="true" duration-ms="3794" started-at="2020-03-02T14:33:59Z" finished-at="2020-03-02T14:34:03Z">
          <params>
            <param index="0">
              <value>
                <![CDATA[firefox]]>
              </value>
            </param>
          </params>
          <reporter-output>
          </reporter-output>
        </test-method> <!-- setUp -->
        <test-method status="PASS" signature="testDragAndDropElementByPixelXY()[pri:0, instance:com.STTA.testCases.TC_DragAndDropElementByPixelXY_026@29ca901e]" name="testDragAndDropElementByPixelXY" duration-ms="21102" started-at="2020-03-02T14:34:03Z" finished-at="2020-03-02T14:34:24Z">
          <reporter-output>
          </reporter-output>
        </test-method> <!-- testDragAndDropElementByPixelXY -->
        <test-method status="PASS" signature="tearDown()[pri:0, instance:com.STTA.testCases.TC_DragAndDropElementByPixelXY_026@29ca901e]" name="tearDown" is-config="true" duration-ms="1188" started-at="2020-03-02T14:34:24Z" finished-at="2020-03-02T14:34:25Z">
          <reporter-output>
          </reporter-output>
        </test-method> <!-- tearDown -->
      </class> <!-- com.STTA.testCases.TC_DragAndDropElementByPixelXY_026 -->
      <class name="com.STTA.testCases.TC_HighlightElement_013">
        <test-method status="PASS" signature="setUp(java.lang.String)[pri:0, instance:com.STTA.testCases.TC_HighlightElement_013@4566e5bd]" name="setUp" is-config="true" duration-ms="4191" started-at="2020-03-02T14:31:53Z" finished-at="2020-03-02T14:31:57Z">
          <params>
            <param index="0">
              <value>
                <![CDATA[firefox]]>
              </value>
            </param>
          </params>
          <reporter-output>
          </reporter-output>
        </test-method> <!-- setUp -->
        <test-method status="PASS" signature="testHighlightElement()[pri:0, instance:com.STTA.testCases.TC_HighlightElement_013@4566e5bd]" name="testHighlightElement" duration-ms="14776" started-at="2020-03-02T14:31:57Z" finished-at="2020-03-02T14:32:12Z">
          <reporter-output>
          </reporter-output>
        </test-method> <!-- testHighlightElement -->
        <test-method status="PASS" signature="tearDown()[pri:0, instance:com.STTA.testCases.TC_HighlightElement_013@4566e5bd]" name="tearDown" is-config="true" duration-ms="992" started-at="2020-03-02T14:32:12Z" finished-at="2020-03-02T14:32:13Z">
          <reporter-output>
          </reporter-output>
        </test-method> <!-- tearDown -->
      </class> <!-- com.STTA.testCases.TC_HighlightElement_013 -->
      <class name="com.STTA.testCases.TC_DiifBetweenSubmitAndClick_007">
        <test-method status="PASS" signature="setUp(java.lang.String)[pri:0, instance:com.STTA.testCases.TC_DiifBetweenSubmitAndClick_007@25bbe1b6]" name="setUp" is-config="true" duration-ms="3685" started-at="2020-03-02T14:32:31Z" finished-at="2020-03-02T14:32:35Z">
          <params>
            <param index="0">
              <value>
                <![CDATA[firefox]]>
              </value>
            </param>
          </params>
          <reporter-output>
          </reporter-output>
        </test-method> <!-- setUp -->
        <test-method status="PASS" signature="testDiffBetClickAndSubmit()[pri:0, instance:com.STTA.testCases.TC_DiifBetweenSubmitAndClick_007@25bbe1b6]" name="testDiffBetClickAndSubmit" duration-ms="4420" started-at="2020-03-02T14:32:35Z" finished-at="2020-03-02T14:32:39Z">
          <reporter-output>
          </reporter-output>
        </test-method> <!-- testDiffBetClickAndSubmit -->
        <test-method status="PASS" signature="tearDown()[pri:0, instance:com.STTA.testCases.TC_DiifBetweenSubmitAndClick_007@25bbe1b6]" name="tearDown" is-config="true" duration-ms="946" started-at="2020-03-02T14:32:39Z" finished-at="2020-03-02T14:32:40Z">
          <reporter-output>
          </reporter-output>
        </test-method> <!-- tearDown -->
      </class> <!-- com.STTA.testCases.TC_DiifBetweenSubmitAndClick_007 -->
      <class name="com.STTA.testCases.TC_ParameterizationOrDataDrivenTesting_022">
        <test-method status="PASS" signature="setUp(java.lang.String)[pri:0, instance:com.STTA.testCases.TC_ParameterizationOrDataDrivenTesting_022@4bec1f0c]" name="setUp" is-config="true" duration-ms="3694" started-at="2020-03-02T14:33:36Z" finished-at="2020-03-02T14:33:40Z">
          <params>
            <param index="0">
              <value>
                <![CDATA[firefox]]>
              </value>
            </param>
          </params>
          <reporter-output>
          </reporter-output>
        </test-method> <!-- setUp -->
        <test-method status="PASS" signature="testDDTorParameterization()[pri:0, instance:com.STTA.testCases.TC_ParameterizationOrDataDrivenTesting_022@4bec1f0c]" name="testDDTorParameterization" duration-ms="18244" started-at="2020-03-02T14:33:40Z" finished-at="2020-03-02T14:33:58Z">
          <reporter-output>
          </reporter-output>
        </test-method> <!-- testDDTorParameterization -->
        <test-method status="PASS" signature="tearDown()[pri:0, instance:com.STTA.testCases.TC_ParameterizationOrDataDrivenTesting_022@4bec1f0c]" name="tearDown" is-config="true" duration-ms="1091" started-at="2020-03-02T14:33:58Z" finished-at="2020-03-02T14:33:59Z">
          <reporter-output>
          </reporter-output>
        </test-method> <!-- tearDown -->
      </class> <!-- com.STTA.testCases.TC_ParameterizationOrDataDrivenTesting_022 -->
      <class name="com.STTA.testCases.TC_DiffBetFindElementAndFindElements_015">
        <test-method status="PASS" signature="setUp(java.lang.String)[pri:0, instance:com.STTA.testCases.TC_DiffBetFindElementAndFindElements_015@ff5b51f]" name="setUp" is-config="true" duration-ms="3723" started-at="2020-03-02T14:32:21Z" finished-at="2020-03-02T14:32:25Z">
          <params>
            <param index="0">
              <value>
                <![CDATA[firefox]]>
              </value>
            </param>
          </params>
          <reporter-output>
          </reporter-output>
        </test-method> <!-- setUp -->
        <test-method status="PASS" signature="testDiffBetFindElementAndFindElements()[pri:0, instance:com.STTA.testCases.TC_DiffBetFindElementAndFindElements_015@ff5b51f]" name="testDiffBetFindElementAndFindElements" duration-ms="4741" started-at="2020-03-02T14:32:25Z" finished-at="2020-03-02T14:32:30Z">
          <reporter-output>
          </reporter-output>
        </test-method> <!-- testDiffBetFindElementAndFindElements -->
        <test-method status="PASS" signature="tearDown()[pri:0, instance:com.STTA.testCases.TC_DiffBetFindElementAndFindElements_015@ff5b51f]" name="tearDown" is-config="true" duration-ms="921" started-at="2020-03-02T14:32:30Z" finished-at="2020-03-02T14:32:31Z">
          <reporter-output>
          </reporter-output>
        </test-method> <!-- tearDown -->
      </class> <!-- com.STTA.testCases.TC_DiffBetFindElementAndFindElements_015 -->
      <class name="com.STTA.testCases.TC_HandleDynamicWebTable_020">
        <test-method status="PASS" signature="setUp(java.lang.String)[pri:0, instance:com.STTA.testCases.TC_HandleDynamicWebTable_020@73846619]" name="setUp" is-config="true" duration-ms="3683" started-at="2020-03-02T14:33:27Z" finished-at="2020-03-02T14:33:31Z">
          <params>
            <param index="0">
              <value>
                <![CDATA[firefox]]>
              </value>
            </param>
          </params>
          <reporter-output>
          </reporter-output>
        </test-method> <!-- setUp -->
        <test-method status="PASS" signature="testHandleDynamicWebTable()[pri:0, instance:com.STTA.testCases.TC_HandleDynamicWebTable_020@73846619]" name="testHandleDynamicWebTable" duration-ms="4427" started-at="2020-03-02T14:33:31Z" finished-at="2020-03-02T14:33:35Z">
          <reporter-output>
          </reporter-output>
        </test-method> <!-- testHandleDynamicWebTable -->
        <test-method status="PASS" signature="tearDown()[pri:0, instance:com.STTA.testCases.TC_HandleDynamicWebTable_020@73846619]" name="tearDown" is-config="true" duration-ms="1102" started-at="2020-03-02T14:33:35Z" finished-at="2020-03-02T14:33:36Z">
          <reporter-output>
          </reporter-output>
        </test-method> <!-- tearDown -->
      </class> <!-- com.STTA.testCases.TC_HandleDynamicWebTable_020 -->
    </test> <!--  Ecommerce Application Test  -->
  </suite> <!-- SoftwareTestingTutorialsandAutomation -->
</testng-results>
